<?xml version="1.0" encoding="UTF-8"?>
<testsuite xmlns:xsi="http://www.w3.org/2001/XMLSchema-instance" xsi:noNamespaceSchemaLocation="https://maven.apache.org/surefire/maven-surefire-plugin/xsd/surefire-test-report-3.0.xsd" version="3.0" name="kanboard.CategoryManagementTest" time="8.717" tests="1" errors="0" skipped="0" failures="0">
  <properties>
[...]
</properties>
  <testcase name="testAddNewCategory" classname="kanboard.CategoryManagementTest" time="8.705">
    <system-out><![CDATA[Timer started for Kanboard - AddNewCategory (AI-Assisted)
Timer stopped for Kanboard - AddNewCategory (AI-Assisted)
Development time: 00:00:05
]]></system-out>
    <system-err><![CDATA[[main] INFO io.github.bonigarcia.wdm.WebDriverManager - Using chromedriver 139.0.7258.154 (resolved driver for Chrome 139)
[main] INFO io.github.bonigarcia.wdm.WebDriverManager - Exporting webdriver.chrome.driver as /home/dave/.cache/selenium/chromedriver/linux64/139.0.7258.154/chromedriver
Sep 22, 2025 3:10:33 PM org.openqa.selenium.devtools.CdpVersionFinder findNearestMatch
WARNING: Unable to find an exact match for CDP version 139, returning the closest version; found: 136; Please update to a Selenium version that supports CDP version 139
]]></system-err>
  </testcase>
</testsuite>